::1  [10/30/2021, 7:22:00 PM] GET | "/Otp" | 200 | 17.141 ms |
::1  [10/30/2021, 7:28:41 PM] GET | "/Otp" | 200 | 15.734 ms |
::1  [10/30/2021, 7:28:45 PM] POST | "/Resident" | 404 | 0.916 ms |
::1  [10/30/2021, 7:35:43 PM] GET | "/Otp" | 200 | 16.304 ms |
::1  [10/30/2021, 7:35:58 PM] POST | "/Otp" | - | - ms |
::1  [10/30/2021, 7:37:23 PM] POST | "/Otp" | 302 | 7.160 ms |
::1  [10/30/2021, 7:37:23 PM] GET | "/Otp" | 200 | 11.121 ms |
::1  [10/30/2021, 7:37:29 PM] POST | "/Otp" | 302 | 1.225 ms |
::1  [10/30/2021, 7:37:29 PM] GET | "/Otp" | 200 | 2.555 ms |
::1  [10/30/2021, 7:37:32 PM] POST | "/Otp" | 302 | 0.633 ms |
::1  [10/30/2021, 7:37:32 PM] GET | "/Resident" | 200 | 100.181 ms |
::1  [10/30/2021, 7:37:32 PM] GET | "/name_css.css" | 404 | 2.295 ms |
::1  [10/30/2021, 7:40:11 PM] GET | "/Resident" | 200 | 2.343 ms |
::1  [10/30/2021, 7:40:29 PM] GET | "/Resident" | 200 | 1.806 ms |
::1  [10/30/2021, 9:22:06 PM] GET | "/Otp" | 200 | 2.008 ms |
::1  [10/30/2021, 9:22:09 PM] POST | "/Otp" | 302 | 0.649 ms |
::1  [10/30/2021, 9:22:09 PM] GET | "/Resident" | 304 | 1.303 ms |
::1  [10/31/2021, 10:19:08 AM] GET | "/" | 401 | 50.839 ms |
::1  [10/31/2021, 10:19:14 AM] POST | "/Register" | 302 | 104.206 ms |
::1  [10/31/2021, 10:19:15 AM] GET | "/Otp" | 200 | 111.485 ms |
::1  [10/31/2021, 10:19:20 AM] POST | "/Otp" | 302 | 0.560 ms |
::1  [10/31/2021, 10:19:20 AM] GET | "/Resident" | 304 | 31.139 ms |
::1  [10/31/2021, 10:20:47 AM] GET | "/Resident" | 304 | 1.023 ms |
::1  [10/31/2021, 10:21:13 AM] GET | "/Resident" | 304 | 0.622 ms |
::1  [10/31/2021, 10:21:42 AM] GET | "/Resident" | 304 | 1.154 ms |
::1  [10/31/2021, 10:21:52 AM] GET | "/Resident" | 304 | 0.512 ms |
::1  [10/31/2021, 10:22:33 AM] GET | "/Resident" | 304 | 0.547 ms |
::1  [10/31/2021, 10:23:36 AM] GET | "/Resident" | 304 | 1.997 ms |
::1  [10/31/2021, 10:23:46 AM] GET | "/Resident" | 304 | 0.583 ms |
::1  [10/31/2021, 10:23:54 AM] GET | "/Resident" | 304 | 0.938 ms |
::1  [10/31/2021, 10:24:07 AM] GET | "/Resident" | 304 | 0.587 ms |
::1  [10/31/2021, 10:24:44 AM] GET | "/Resident" | 304 | 1.179 ms |
::1  [10/31/2021, 10:41:12 AM] GET | "/Resident" | 200 | 124.293 ms |
::1  [10/31/2021, 10:41:43 AM] POST | "/Resident" | 302 | 16.542 ms |
::1  [10/31/2021, 10:41:43 AM] GET | "/Resident" | 200 | 2.914 ms |
::1  [10/31/2021, 10:42:04 AM] POST | "/Resident" | 302 | 1.038 ms |
::1  [10/31/2021, 10:42:04 AM] GET | "/Resident" | 200 | 0.783 ms |
::1  [10/31/2021, 10:45:30 AM] POST | "/Resident" | 302 | 0.952 ms |
::1  [10/31/2021, 10:45:30 AM] GET | "/Resident" | 200 | 1.701 ms |
::1  [10/31/2021, 10:46:57 AM] POST | "/Resident" | 302 | 18.786 ms |
::1  [10/31/2021, 10:46:57 AM] GET | "/Resident" | 200 | 12.432 ms |
::1  [10/31/2021, 10:47:44 AM] POST | "/Resident" | 302 | 22.830 ms |
::1  [10/31/2021, 10:47:44 AM] GET | "/Resident" | 200 | 12.485 ms |
::1  [10/31/2021, 10:48:54 AM] GET | "/" | 401 | 2.193 ms |
::1  [10/31/2021, 10:48:58 AM] GET | "/" | 401 | 2.752 ms |
::1  [10/31/2021, 10:50:06 AM] GET | "/" | 401 | 2.625 ms |
::1  [10/31/2021, 10:50:10 AM] GET | "/" | 401 | 2.031 ms |
::1  [10/31/2021, 11:13:43 AM] GET | "/" | 401 | 13.796 ms |
::1  [10/31/2021, 11:14:13 AM] POST | "/Register" | 302 | 26.636 ms |
::1  [10/31/2021, 11:14:13 AM] GET | "/Otp" | 200 | 2.092 ms |
::1  [10/31/2021, 11:14:17 AM] POST | "/Otp" | 302 | 0.734 ms |
::1  [10/31/2021, 11:14:17 AM] GET | "/Otp" | 200 | 1.487 ms |
::1  [10/31/2021, 11:14:21 AM] POST | "/Otp" | - | - ms |
::1  [10/31/2021, 11:14:21 AM] POST | "/Otp" | - | - ms |
::1  [10/31/2021, 11:15:04 AM] POST | "/Otp" | - | - ms |
::1  [10/31/2021, 12:34:46 PM] POST | "/Otp" | - | - ms |
::1  [10/31/2021, 12:34:50 PM] POST | "/Otp" | 302 | 0.539 ms |
::1  [10/31/2021, 12:34:50 PM] GET | "/Otp" | 200 | 1.111 ms |
::1  [10/31/2021, 12:35:34 PM] POST | "/Otp" | - | - ms |
::ffff:127.0.0.1  [10/31/2021, 12:35:34 PM] GET | "/Otp" | 304 | 11.839 ms |
::ffff:127.0.0.1  [10/31/2021, 12:38:52 PM] POST | "/Otp" | - | - ms |
::1  [10/31/2021, 12:39:10 PM] POST | "/Otp" | - | - ms |
::ffff:127.0.0.1  [10/31/2021, 12:39:12 PM] GET | "/Otp" | 304 | 13.570 ms |
::ffff:127.0.0.1  [10/31/2021, 12:40:18 PM] POST | "/Otp" | 302 | 18.646 ms |
::ffff:127.0.0.1  [10/31/2021, 12:40:18 PM] GET | "/Otp" | 200 | 7.645 ms |
::ffff:127.0.0.1  [10/31/2021, 12:40:19 PM] GET | "/Otp" | 304 | 1.760 ms |
::1  [10/31/2021, 12:40:22 PM] POST | "/Otp" | 302 | 5.367 ms |
::1  [10/31/2021, 12:40:22 PM] GET | "/Otp" | 200 | 0.675 ms |
::1  [10/31/2021, 12:41:38 PM] GET | "/Otp" | 304 | 8.975 ms |
::1  [10/31/2021, 12:41:41 PM] POST | "/Otp" | 302 | 18.015 ms |
::1  [10/31/2021, 12:41:41 PM] GET | "/Otp" | 200 | 0.726 ms |
::1  [10/31/2021, 12:43:24 PM] POST | "/Otp" | 302 | 19.482 ms |
::1  [10/31/2021, 12:43:24 PM] GET | "/Otp" | 200 | 5.612 ms |
::1  [10/31/2021, 12:43:58 PM] POST | "/Otp" | 302 | 18.709 ms |
::1  [10/31/2021, 12:43:58 PM] GET | "/Otp" | 200 | 5.782 ms |
::1  [10/31/2021, 12:45:51 PM] POST | "/Otp" | 302 | 32.582 ms |
::1  [10/31/2021, 12:45:51 PM] GET | "/Otp" | 200 | 17.171 ms |
::1  [10/31/2021, 12:46:04 PM] POST | "/Otp" | 302 | 19.027 ms |
::1  [10/31/2021, 12:46:04 PM] GET | "/Otp" | 200 | 8.774 ms |
::1  [10/31/2021, 12:47:34 PM] POST | "/Otp" | 302 | 37.307 ms |
::1  [10/31/2021, 12:47:34 PM] GET | "/Resident-Set-Password" | 200 | 16.376 ms |
::1  [10/31/2021, 12:48:55 PM] GET | "/Resident-Set-Password" | 304 | 13.374 ms |
::1  [10/31/2021, 12:50:08 PM] GET | "/Resident-Set-Password" | 200 | 3.066 ms |
::1  [10/31/2021, 12:50:44 PM] GET | "/Resident-Set-Password" | 304 | 1.277 ms |
::1  [10/31/2021, 12:51:03 PM] GET | "/Resident-Set-Password" | 304 | 0.646 ms |
::1  [10/31/2021, 1:16:40 PM] GET | "/Resident-Set-Password" | 200 | 14.213 ms |
::1  [10/31/2021, 1:16:48 PM] POST | "/Resident-Set-Password" | 302 | 50.344 ms |
::1  [10/31/2021, 1:16:48 PM] GET | "/" | 401 | 4.846 ms |
::1  [10/31/2021, 1:17:22 PM] GET | "/" | 401 | 2.590 ms |
::1  [10/31/2021, 1:27:19 PM] GET | "/" | 401 | 15.259 ms |
::1  [10/31/2021, 1:27:21 PM] GET | "/" | 401 | 2.023 ms |
::1  [10/31/2021, 1:27:30 PM] POST | "/login" | 401 | 3.872 ms |
::1  [10/31/2021, 1:28:37 PM] POST | "/login" | 401 | 1.949 ms |
::1  [10/31/2021, 1:29:13 PM] POST | "/login" | 401 | 11.112 ms |
::1  [10/31/2021, 1:30:02 PM] POST | "/login" | 302 | 20.727 ms |
::1  [10/31/2021, 1:30:02 PM] GET | "/" | 200 | 111.645 ms |
::1  [10/31/2021, 1:32:06 PM] GET | "/Kyc" | 200 | 14.626 ms |
::1  [10/31/2021, 1:32:06 PM] GET | "/kyc_cs.css" | 404 | 1.001 ms |
::1  [10/31/2021, 1:32:24 PM] GET | "/Kyc" | 200 | 2.608 ms |
::1  [10/31/2021, 1:33:16 PM] GET | "/Kyc" | 304 | 1.866 ms |
::1  [10/31/2021, 1:33:24 PM] GET | "/Kyc" | 304 | 1.236 ms |
::1  [10/31/2021, 1:33:37 PM] GET | "/Kyc" | 304 | 1.232 ms |
::1  [10/31/2021, 1:35:03 PM] GET | "/Kyc" | 200 | 1.603 ms |
::1  [10/31/2021, 1:43:47 PM] GET | "/Kyc" | 304 | 1.711 ms |
::1  [10/31/2021, 1:45:23 PM] GET | "/Kyc" | 200 | 1.510 ms |
::1  [10/31/2021, 1:45:42 PM] GET | "/Kyc" | 304 | 1.365 ms |
::1  [10/31/2021, 1:46:50 PM] GET | "/Kyc" | 304 | 0.680 ms |
::1  [10/31/2021, 1:47:00 PM] GET | "/Kyc" | 304 | 0.979 ms |
::1  [10/31/2021, 1:47:09 PM] GET | "/Kyc" | 304 | 0.580 ms |
::1  [10/31/2021, 1:47:23 PM] GET | "/Kyc" | 304 | 0.586 ms |
::1  [10/31/2021, 1:47:30 PM] GET | "/Kyc" | 304 | 0.982 ms |
::1  [10/31/2021, 1:48:42 PM] GET | "/Kyc" | 304 | 0.816 ms |
::1  [10/31/2021, 1:48:52 PM] GET | "/Kyc" | 304 | 0.601 ms |
::1  [10/31/2021, 1:49:50 PM] GET | "/Kyc" | 200 | 1.387 ms |
::1  [10/31/2021, 1:50:09 PM] GET | "/Kyc" | 304 | 1.239 ms |
::1  [10/31/2021, 1:50:19 PM] GET | "/" | 304 | 5.407 ms |
::1  [10/31/2021, 1:51:17 PM] GET | "/" | 200 | 2.175 ms |
::1  [10/31/2021, 1:52:46 PM] GET | "/" | 200 | 1.105 ms |
::1  [10/31/2021, 1:53:13 PM] GET | "/" | 200 | 1.036 ms |
::1  [10/31/2021, 1:53:21 PM] GET | "/" | 200 | 1.063 ms |
::1  [10/31/2021, 1:53:46 PM] GET | "/" | 200 | 1.357 ms |
::1  [10/31/2021, 1:53:57 PM] GET | "/" | 200 | 0.977 ms |
::1  [10/31/2021, 1:54:05 PM] GET | "/" | 200 | 1.563 ms |
::1  [10/31/2021, 1:54:23 PM] GET | "/" | 200 | 1.483 ms |
::1  [10/31/2021, 1:54:39 PM] GET | "/" | 200 | 0.784 ms |
::1  [10/31/2021, 1:56:01 PM] GET | "/" | 200 | 1.293 ms |
::1  [10/31/2021, 1:56:19 PM] GET | "/" | 200 | 1.092 ms |
::1  [10/31/2021, 1:56:21 PM] GET | "/Kyc?" | 200 | 0.842 ms |
::1  [10/31/2021, 1:56:40 PM] GET | "/Kyc?" | 304 | 0.710 ms |
::1  [10/31/2021, 1:58:53 PM] GET | "/Kyc?" | 200 | 9.057 ms |
::1  [10/31/2021, 1:59:22 PM] GET | "/Kyc?" | 304 | 9.444 ms |
::1  [10/31/2021, 2:00:23 PM] GET | "/Kyc?" | 304 | 6.285 ms |
::1  [10/31/2021, 2:02:04 PM] GET | "/Kyc?" | 304 | 11.944 ms |
::1  [10/31/2021, 2:02:38 PM] GET | "/Kyc?" | 304 | 1.063 ms |
::1  [10/31/2021, 2:02:43 PM] GET | "/Kyc?" | 304 | 1.128 ms |
::1  [10/31/2021, 2:03:03 PM] GET | "/Kyc?" | 304 | 1.082 ms |
::1  [10/31/2021, 2:33:41 PM] GET | "/Kyc?" | 304 | 0.756 ms |
::1  [10/31/2021, 3:08:46 PM] GET | "/Kyc?" | 304 | 1.419 ms |
::1  [10/31/2021, 3:08:52 PM] GET | "/Kyc" | 200 | 1.125 ms |
::1  [10/31/2021, 3:09:07 PM] GET | "/" | 304 | 33.142 ms |
::1  [10/31/2021, 3:20:37 PM] GET | "/Kyc?" | 304 | 0.832 ms |
::1  [10/31/2021, 3:31:16 PM] GET | "/logout" | 401 | 7.272 ms |
::1  [10/31/2021, 3:31:25 PM] GET | "/" | 304 | 2.502 ms |
::1  [10/31/2021, 3:31:30 PM] GET | "/home" | 404 | 0.492 ms |
::1  [10/31/2021, 3:31:34 PM] GET | "/" | 304 | 1.915 ms |
::1  [10/31/2021, 3:33:06 PM] GET | "/logout" | 302 | 18.314 ms |
::1  [10/31/2021, 3:33:06 PM] GET | "/" | 401 | 22.976 ms |
::1  [10/31/2021, 3:37:33 PM] GET | "/Kyc" | 401 | 2.032 ms |
::1  [10/31/2021, 3:38:47 PM] POST | "/login" | 302 | 36.911 ms |
::1  [10/31/2021, 3:38:47 PM] GET | "/" | 304 | 3.736 ms |
::1  [10/31/2021, 3:38:50 PM] GET | "/Kyc?" | 304 | 1.388 ms |
::1  [10/31/2021, 3:54:49 PM] GET | "/logout" | 302 | 0.833 ms |
::1  [10/31/2021, 3:54:49 PM] GET | "/" | 401 | 1.863 ms |
::1  [10/31/2021, 3:55:08 PM] POST | "/Register" | 302 | 9.330 ms |
::1  [10/31/2021, 3:55:08 PM] GET | "/" | 401 | 0.977 ms |
::1  [10/31/2021, 3:55:56 PM] GET | "/" | 401 | 1.670 ms |
::1  [10/31/2021, 3:55:59 PM] GET | "/" | 401 | 1.624 ms |
::1  [10/31/2021, 3:57:43 PM] POST | "/Register" | 302 | 7.774 ms |
::1  [10/31/2021, 3:57:44 PM] GET | "/Otp" | 200 | 348.720 ms |
::1  [10/31/2021, 3:57:47 PM] POST | "/Otp" | 302 | 4.519 ms |
::1  [10/31/2021, 3:57:47 PM] GET | "/Resident-Set-Password" | 200 | 101.029 ms |
::1  [10/31/2021, 3:57:57 PM] POST | "/Resident-Set-Password" | 302 | 16.025 ms |
::1  [10/31/2021, 3:57:57 PM] GET | "/" | 304 | 0.987 ms |
::1  [10/31/2021, 3:58:06 PM] GET | "/Kyc?" | 304 | 2.160 ms |
::1  [10/31/2021, 3:58:42 PM] GET | "/Kyc?" | 304 | 0.893 ms |
::1  [10/31/2021, 5:24:39 PM] GET | "/" | 200 | 2.362 ms |
::1  [10/31/2021, 6:08:28 PM] GET | "/" | 200 | 121.638 ms |
::1  [10/31/2021, 6:08:30 PM] GET | "/Kyc?" | 200 | 2.429 ms |
::1  [10/31/2021, 6:08:42 PM] POST | "/Kyc" | 201 | 66.266 ms |
::1  [10/31/2021, 6:10:12 PM] GET | "/Kyc?" | 304 | 9.313 ms |
::1  [10/31/2021, 6:10:13 PM] POST | "/Kyc" | 201 | 50.008 ms |
::1  [10/31/2021, 6:10:50 PM] GET | "/Kyc?" | 304 | 14.859 ms |
::1  [10/31/2021, 6:10:52 PM] POST | "/Kyc" | 201 | 45.047 ms |
::1  [10/31/2021, 6:12:29 PM] GET | "/Kyc?" | 304 | 17.996 ms |
::1  [10/31/2021, 6:12:31 PM] POST | "/Kyc" | 201 | 52.138 ms |
::1  [10/31/2021, 6:12:47 PM] GET | "/" | 200 | 1.987 ms |
::1  [10/31/2021, 6:13:26 PM] GET | "/" | 304 | 1.166 ms |
::1  [10/31/2021, 6:13:27 PM] GET | "/" | 304 | 1.573 ms |
::1  [10/31/2021, 6:13:50 PM] GET | "/" | 304 | 1.580 ms |
::1  [10/31/2021, 6:14:31 PM] GET | "/" | 304 | 1.261 ms |
::1  [10/31/2021, 6:14:32 PM] GET | "/" | 304 | 2.272 ms |
::1  [10/31/2021, 6:14:44 PM] GET | "/" | 304 | 2.231 ms |
::1  [10/31/2021, 6:15:26 PM] GET | "/" | 304 | 1.613 ms |
::1  [10/31/2021, 6:15:27 PM] GET | "/" | 304 | 1.595 ms |
::1  [10/31/2021, 6:15:27 PM] GET | "/" | 304 | 2.295 ms |
::1  [10/31/2021, 6:15:27 PM] GET | "/" | 304 | 0.927 ms |
::1  [10/31/2021, 6:15:28 PM] GET | "/" | 304 | 1.359 ms |
::1  [10/31/2021, 6:15:29 PM] GET | "/" | 304 | 1.248 ms |
::1  [10/31/2021, 6:16:32 PM] GET | "/" | 200 | 1.697 ms |
::1  [10/31/2021, 6:16:42 PM] GET | "/" | 200 | 2.291 ms |
::1  [10/31/2021, 6:17:00 PM] GET | "/" | 304 | 1.172 ms |
::1  [10/31/2021, 6:17:16 PM] GET | "/" | 304 | 2.421 ms |
::1  [10/31/2021, 6:17:26 PM] GET | "/" | 304 | 0.730 ms |
::1  [10/31/2021, 6:17:51 PM] GET | "/" | 304 | 1.547 ms |
::1  [10/31/2021, 6:19:23 PM] GET | "/" | 304 | 14.366 ms |
::1  [10/31/2021, 6:19:26 PM] GET | "/" | 304 | 1.684 ms |
::1  [10/31/2021, 6:19:29 PM] GET | "/Kyc?" | 304 | 1.560 ms |
::1  [10/31/2021, 6:19:31 PM] GET | "/" | 304 | 3.078 ms |
::1  [10/31/2021, 6:19:54 PM] GET | "/Resident-Set-Password" | 200 | 13.907 ms |
::1  [10/31/2021, 6:19:55 PM] GET | "/Otp" | 200 | 1.859 ms |
::1  [10/31/2021, 6:20:04 PM] GET | "/logout" | 302 | 10.535 ms |
::1  [10/31/2021, 6:20:04 PM] GET | "/" | 401 | 4.232 ms |
::1  [10/31/2021, 6:21:23 PM] POST | "/Register" | 302 | 23.955 ms |
::1  [10/31/2021, 6:21:23 PM] GET | "/Otp" | 304 | 1.861 ms |
::1  [10/31/2021, 6:22:09 PM] POST | "/Otp" | 302 | 8.181 ms |
::1  [10/31/2021, 6:22:09 PM] GET | "/Resident-Set-Password" | 304 | 1.256 ms |
::1  [10/31/2021, 6:22:44 PM] POST | "/Resident-Set-Password" | 302 | 26.881 ms |
::1  [10/31/2021, 6:22:44 PM] GET | "/" | 304 | 4.131 ms |
::1  [10/31/2021, 6:22:50 PM] GET | "/Kyc?" | 304 | 2.654 ms |
::1  [10/31/2021, 6:23:20 PM] GET | "/Kyc?" | 304 | 1.998 ms |
::1  [10/31/2021, 6:23:20 PM] POST | "/Kyc" | 201 | 70.739 ms |
::1  [10/31/2021, 6:23:23 PM] GET | "/Kyc?" | 304 | 1.494 ms |
::1  [10/31/2021, 6:23:30 PM] GET | "/Kyc?" | 304 | 1.147 ms |
::1  [10/31/2021, 6:23:32 PM] POST | "/Kyc" | 201 | 30.197 ms |
::1  [10/31/2021, 6:24:56 PM] GET | "/Kyc?" | 304 | 1.153 ms |
::1  [10/31/2021, 6:25:03 PM] GET | "/Kyc?" | 304 | 17.400 ms |
::1  [10/31/2021, 6:25:09 PM] GET | "/logout" | 302 | 5.183 ms |
::1  [10/31/2021, 6:25:09 PM] GET | "/" | 401 | 1.461 ms |
::1  [10/31/2021, 6:27:59 PM] POST | "/Register" | 302 | 21.976 ms |
::1  [10/31/2021, 6:27:59 PM] GET | "/Otp" | 200 | 3.181 ms |
::1  [10/31/2021, 6:28:08 PM] POST | "/Otp" | 302 | 5.816 ms |
::1  [10/31/2021, 6:28:08 PM] GET | "/Resident-Set-Password" | 200 | 1.700 ms |
::1  [10/31/2021, 6:28:24 PM] POST | "/Resident-Set-Password" | 302 | 22.044 ms |
::1  [10/31/2021, 6:28:24 PM] GET | "/" | 304 | 2.490 ms |
::1  [10/31/2021, 6:28:29 PM] GET | "/Kyc?" | 304 | 1.591 ms |
::1  [10/31/2021, 6:28:51 PM] GET | "/Kyc?" | 304 | 1.609 ms |
::1  [10/31/2021, 6:28:51 PM] POST | "/Kyc" | 201 | 90.228 ms |
::1  [10/31/2021, 6:28:57 PM] GET | "/" | 304 | 1.825 ms |
::1  [10/31/2021, 6:30:37 PM] GET | "/" | 304 | 16.977 ms |
::1  [10/31/2021, 6:30:39 PM] GET | "/Kyc?" | 304 | 1.728 ms |
::1  [10/31/2021, 6:30:41 PM] POST | "/Kyc" | 201 | 55.314 ms |
::1  [10/31/2021, 6:30:41 PM] GET | "/" | 304 | 2.132 ms |
::1  [10/31/2021, 6:30:50 PM] GET | "/" | 304 | 16.187 ms |
::1  [10/31/2021, 6:31:07 PM] GET | "/Kyc?" | 304 | 3.886 ms |
::1  [10/31/2021, 6:32:11 PM] GET | "/Resident-Set-Password" | 200 | 1.593 ms |
::1  [10/31/2021, 6:32:12 PM] GET | "/Otp" | 200 | 2.040 ms |
::1  [10/31/2021, 6:32:30 PM] GET | "/logout" | 302 | 10.354 ms |
::1  [10/31/2021, 6:32:30 PM] GET | "/" | 401 | 2.720 ms |
::1  [10/31/2021, 6:34:18 PM] GET | "/" | 401 | 18.120 ms |
::1  [10/31/2021, 6:35:01 PM] POST | "/Register" | 302 | 24.182 ms |
::1  [10/31/2021, 6:35:01 PM] GET | "/" | 401 | 1.867 ms |
::1  [10/31/2021, 6:35:26 PM] POST | "/Register" | 302 | 7.230 ms |
::1  [10/31/2021, 6:35:26 PM] GET | "/" | 401 | 1.753 ms |
::1  [10/31/2021, 6:35:52 PM] GET | "/" | 401 | 2.392 ms |
::1  [10/31/2021, 6:36:42 PM] POST | "/Register" | 302 | 13.856 ms |
::1  [10/31/2021, 6:36:42 PM] GET | "/Otp" | 304 | 2.662 ms |
::1  [10/31/2021, 6:36:49 PM] POST | "/Otp" | 302 | 9.822 ms |
::1  [10/31/2021, 6:36:49 PM] GET | "/Resident-Set-Password" | 304 | 2.228 ms |
::1  [10/31/2021, 6:37:02 PM] POST | "/Resident-Set-Password" | 302 | 35.257 ms |
::1  [10/31/2021, 6:37:02 PM] GET | "/" | 304 | 5.441 ms |
::1  [10/31/2021, 6:37:06 PM] GET | "/Kyc?" | 304 | 2.070 ms |
::1  [10/31/2021, 6:37:24 PM] POST | "/Kyc" | 201 | 67.648 ms |
::1  [10/31/2021, 6:37:24 PM] GET | "/Kyc?" | 304 | 2.110 ms |
::1  [10/31/2021, 6:37:24 PM] GET | "/" | 304 | 1.752 ms |
::1  [10/31/2021, 6:37:36 PM] GET | "/logout" | 302 | 0.959 ms |
::1  [10/31/2021, 6:37:36 PM] GET | "/" | 401 | 2.638 ms |
::1  [10/31/2021, 6:37:53 PM] POST | "/login" | 302 | 13.397 ms |
::1  [10/31/2021, 6:37:53 PM] GET | "/" | 304 | 1.385 ms |
